<?xml version="1.0" encoding="UTF-8"?>
<!-- Generated by org.testng.reporters.JUnitXMLReporter -->
<testsuite ignored="0" hostname="LAPTOP-OKJ1VVIP" failures="0" tests="1" name="Surefire test" time="0.052" errors="0" timestamp="2024-09-14T11:38:21 IST">
  <testcase classname="swag.qa.testcases.LoginPageTest" name="@BeforeMethod setup" time="0.015">
    <failure type="java.lang.NullPointerException" message="Cannot invoke &amp;quot;String.equals(Object)&amp;quot; because &amp;quot;browsername&amp;quot; is null">
      <![CDATA[java.lang.NullPointerException: Cannot invoke "String.equals(Object)" because "browsername" is null
at swag.qa.base.Testbase.initialization(Testbase.java:45)
at swag.qa.testcases.LoginPageTest.setup(LoginPageTest.java:26)
at java.base/java.util.ArrayList.forEach(ArrayList.java:1596)
... Removed 34 stack frames]]>
    </failure>
  </testcase> <!-- @BeforeMethod setup -->
  <testcase classname="swag.qa.testcases.LoginPageTest" name="loginTest" time="0.0">
    <skipped/>
  </testcase> <!-- loginTest -->
</testsuite> <!-- Surefire test -->
