<?xml version="1.0" encoding="UTF-8"?>
<!-- Generated by org.testng.reporters.JUnitXMLReporter -->
<testsuite ignored="0" hostname="LAPTOP-OKJ1VVIP" failures="0" tests="6" name="Surefire test" time="20.024" errors="0" timestamp="2024-09-24T21:35:02 IST">
  <testcase classname="swag.qa.testcases.addtocartpageTest" name="checkoutTest" time="0.056"/>
  <testcase classname="swag.qa.testcases.checkoutdetailspageTest" name="checkoutTest" time="0.302"/>
  <testcase classname="swag.qa.testcases.finaldetailsTest" name="finaldetailsTest" time="0.042"/>
  <testcase classname="swag.qa.testcases.finaldetailsTest" name="finaldetailsTestcancel" time="0.051"/>
  <testcase classname="swag.qa.testcases.HomepageTest" name="cartTest" time="0.454"/>
  <testcase classname="swag.qa.testcases.LoginPageTest" name="loginTest" time="1.069"/>
</testsuite> <!-- Surefire test -->
