<?xml version="1.0" encoding="UTF-8"?>
<!-- Generated by org.testng.reporters.JUnitXMLReporter -->
<testsuite ignored="0" hostname="LAPTOP-OKJ1VVIP" failures="0" tests="4" name="Test(failed)(failed)" time="12.61" errors="0" timestamp="2024-10-11T23:03:40 IST">
  <testcase classname="swag.qa.testcases.checkoutdetailspageTest" name="checkoutTest" time="0.298"/>
  <testcase classname="swag.qa.testcases.finaldetailsTest" name="finaldetailsTestcancel" time="0.06"/>
  <testcase classname="swag.qa.testcases.finaldetailsTest" name="finaldetailsTest" time="0.049"/>
  <testcase classname="swag.qa.testcases.addtocartpageTest" name="checkoutTest" time="0.055"/>
</testsuite> <!-- Test(failed)(failed) -->
