<?xml version="1.0" encoding="UTF-8"?>
<testng-results ignored="0" total="6" passed="6" failed="0" skipped="0">
  <reporter-output>
  </reporter-output>
  <suite started-at="2024-09-24T21:34:42 IST" name="Surefire suite" finished-at="2024-09-24T21:35:02 IST" duration-ms="20024">
    <groups>
    </groups>
    <test started-at="2024-09-24T21:34:42 IST" name="Surefire test" finished-at="2024-09-24T21:35:02 IST" duration-ms="20024">
      <class name="swag.qa.testcases.finaldetailsTest">
        <test-method is-config="true" signature="setup()[pri:0, instance:swag.qa.testcases.finaldetailsTest@769f71a9]" started-at="2024-09-24T21:34:49 IST" name="setup" finished-at="2024-09-24T21:34:53 IST" duration-ms="3593" status="PASS">
          <reporter-output>
          </reporter-output>
        </test-method> <!-- setup -->
        <test-method signature="finaldetailsTest()[pri:0, instance:swag.qa.testcases.finaldetailsTest@769f71a9]" started-at="2024-09-24T21:34:53 IST" name="finaldetailsTest" finished-at="2024-09-24T21:34:53 IST" duration-ms="42" status="PASS">
          <reporter-output>
          </reporter-output>
        </test-method> <!-- finaldetailsTest -->
        <test-method is-config="true" signature="setup()[pri:0, instance:swag.qa.testcases.finaldetailsTest@769f71a9]" started-at="2024-09-24T21:34:53 IST" name="setup" finished-at="2024-09-24T21:34:56 IST" duration-ms="3024" status="PASS">
          <reporter-output>
          </reporter-output>
        </test-method> <!-- setup -->
        <test-method signature="finaldetailsTestcancel()[pri:0, instance:swag.qa.testcases.finaldetailsTest@769f71a9]" started-at="2024-09-24T21:34:56 IST" name="finaldetailsTestcancel" finished-at="2024-09-24T21:34:56 IST" duration-ms="51" status="PASS">
          <reporter-output>
          </reporter-output>
        </test-method> <!-- finaldetailsTestcancel -->
      </class> <!-- swag.qa.testcases.finaldetailsTest -->
      <class name="swag.qa.testcases.checkoutdetailspageTest">
        <test-method is-config="true" signature="setup()[pri:0, instance:swag.qa.testcases.checkoutdetailspageTest@49b0b76]" started-at="2024-09-24T21:34:46 IST" name="setup" finished-at="2024-09-24T21:34:49 IST" duration-ms="2512" status="PASS">
          <reporter-output>
          </reporter-output>
        </test-method> <!-- setup -->
        <test-method signature="checkoutTest()[pri:0, instance:swag.qa.testcases.checkoutdetailspageTest@49b0b76]" started-at="2024-09-24T21:34:49 IST" name="checkoutTest" finished-at="2024-09-24T21:34:49 IST" duration-ms="302" status="PASS">
          <reporter-output>
          </reporter-output>
        </test-method> <!-- checkoutTest -->
      </class> <!-- swag.qa.testcases.checkoutdetailspageTest -->
      <class name="swag.qa.testcases.addtocartpageTest">
        <test-method is-config="true" signature="setup()[pri:0, instance:swag.qa.testcases.addtocartpageTest@7ee955a8]" started-at="2024-09-24T21:34:42 IST" name="setup" finished-at="2024-09-24T21:34:46 IST" duration-ms="4649" status="PASS">
          <reporter-output>
          </reporter-output>
        </test-method> <!-- setup -->
        <test-method signature="checkoutTest()[pri:0, instance:swag.qa.testcases.addtocartpageTest@7ee955a8]" started-at="2024-09-24T21:34:46 IST" name="checkoutTest" finished-at="2024-09-24T21:34:46 IST" duration-ms="56" status="PASS">
          <reporter-output>
          </reporter-output>
        </test-method> <!-- checkoutTest -->
      </class> <!-- swag.qa.testcases.addtocartpageTest -->
      <class name="swag.qa.testcases.LoginPageTest">
        <test-method is-config="true" signature="setup()[pri:0, instance:swag.qa.testcases.LoginPageTest@5ae50ce6]" started-at="2024-09-24T21:34:59 IST" name="setup" finished-at="2024-09-24T21:35:01 IST" duration-ms="1705" status="PASS">
          <reporter-output>
          </reporter-output>
        </test-method> <!-- setup -->
        <test-method signature="loginTest()[pri:0, instance:swag.qa.testcases.LoginPageTest@5ae50ce6]" started-at="2024-09-24T21:35:01 IST" name="loginTest" finished-at="2024-09-24T21:35:02 IST" duration-ms="1069" status="PASS">
          <reporter-output>
          </reporter-output>
        </test-method> <!-- loginTest -->
      </class> <!-- swag.qa.testcases.LoginPageTest -->
      <class name="swag.qa.testcases.HomepageTest">
        <test-method is-config="true" signature="setup()[pri:0, instance:swag.qa.testcases.HomepageTest@4c9f8c13]" started-at="2024-09-24T21:34:56 IST" name="setup" finished-at="2024-09-24T21:34:58 IST" duration-ms="2526" status="PASS">
          <reporter-output>
          </reporter-output>
        </test-method> <!-- setup -->
        <test-method signature="cartTest()[pri:0, instance:swag.qa.testcases.HomepageTest@4c9f8c13]" started-at="2024-09-24T21:34:58 IST" name="cartTest" finished-at="2024-09-24T21:34:59 IST" duration-ms="454" status="PASS">
          <reporter-output>
          </reporter-output>
        </test-method> <!-- cartTest -->
      </class> <!-- swag.qa.testcases.HomepageTest -->
    </test> <!-- Surefire test -->
  </suite> <!-- Surefire suite -->
</testng-results>
