<?xml version="1.0" encoding="UTF-8"?>
<testng-results ignored="0" total="2" passed="2" failed="0" skipped="0">
  <reporter-output>
  </reporter-output>
  <suite started-at="2024-09-24T19:09:21 IST" name="Default suite" finished-at="2024-09-24T19:09:29 IST" duration-ms="8412">
    <groups>
    </groups>
    <test started-at="2024-09-24T19:09:21 IST" name="Default test" finished-at="2024-09-24T19:09:29 IST" duration-ms="8412">
      <class name="swag.qa.testcases.finaldetailsTest">
        <test-method is-config="true" signature="setup()[pri:0, instance:swag.qa.testcases.finaldetailsTest@123ef382]" started-at="2024-09-24T19:09:21 IST" name="setup" finished-at="2024-09-24T19:09:24 IST" duration-ms="3292" status="PASS">
          <reporter-output>
          </reporter-output>
        </test-method> <!-- setup -->
        <test-method signature="finaldetailsTest()[pri:0, instance:swag.qa.testcases.finaldetailsTest@123ef382]" started-at="2024-09-24T19:09:24 IST" name="finaldetailsTest" finished-at="2024-09-24T19:09:24 IST" duration-ms="51" status="PASS">
          <reporter-output>
          </reporter-output>
        </test-method> <!-- finaldetailsTest -->
        <test-method is-config="true" signature="setup()[pri:0, instance:swag.qa.testcases.finaldetailsTest@123ef382]" started-at="2024-09-24T19:09:24 IST" name="setup" finished-at="2024-09-24T19:09:29 IST" duration-ms="4954" status="PASS">
          <reporter-output>
          </reporter-output>
        </test-method> <!-- setup -->
        <test-method signature="finaldetailsTestcancel()[pri:0, instance:swag.qa.testcases.finaldetailsTest@123ef382]" started-at="2024-09-24T19:09:29 IST" name="finaldetailsTestcancel" finished-at="2024-09-24T19:09:29 IST" duration-ms="82" status="PASS">
          <reporter-output>
          </reporter-output>
        </test-method> <!-- finaldetailsTestcancel -->
      </class> <!-- swag.qa.testcases.finaldetailsTest -->
    </test> <!-- Default test -->
  </suite> <!-- Default suite -->
</testng-results>
